[ 2025-01-11 16:48:44,563 ] 1025 httpx - INFO - HTTP Request: GET https://dagshub.com/api/v1/user "HTTP/1.1 200 OK"
[ 2025-01-11 16:48:44,578 ] 107 dagshub - INFO - Accessing as bvssvinu
[ 2025-01-11 16:48:44,971 ] 1025 httpx - INFO - HTTP Request: GET https://dagshub.com/api/v1/repos/bvssvinu/networksecurity_End_to_End "HTTP/1.1 200 OK"
[ 2025-01-11 16:48:45,380 ] 1025 httpx - INFO - HTTP Request: GET https://dagshub.com/api/v1/user "HTTP/1.1 200 OK"
[ 2025-01-11 16:48:45,380 ] 107 dagshub - INFO - Initialized MLflow to track repo "bvssvinu/networksecurity_End_to_End"
[ 2025-01-11 16:48:45,397 ] 107 dagshub - INFO - Repository bvssvinu/networksecurity_End_to_End initialized!
[ 2025-01-11 16:48:45,397 ] 18 root - INFO - Initiate the data ingestion
[ 2025-01-11 16:48:47,190 ] 69 root - INFO - Performed train test split on the dataframe
[ 2025-01-11 16:48:47,190 ] 71 root - INFO - Exited split_data_as_train_test method of Data_Ingestion class
[ 2025-01-11 16:48:47,190 ] 79 root - INFO - Exporting train and test file path.
[ 2025-01-11 16:48:47,269 ] 88 root - INFO - Exported train and test file path.
[ 2025-01-11 16:48:47,269 ] 20 root - INFO - Data ingestion completed!!!
[ 2025-01-11 16:48:47,285 ] 24 root - INFO - Initiate the data validation
[ 2025-01-11 16:48:47,301 ] 78 root - INFO - Train file path read successfully!!!
[ 2025-01-11 16:48:47,301 ] 80 root - INFO - Test file path read successfully!!!
[ 2025-01-11 16:48:47,301 ] 30 root - INFO - Required number of columns:31
[ 2025-01-11 16:48:47,301 ] 31 root - INFO - Data frame has columns:31
[ 2025-01-11 16:48:47,301 ] 30 root - INFO - Required number of columns:31
[ 2025-01-11 16:48:47,301 ] 31 root - INFO - Data frame has columns:31
[ 2025-01-11 16:48:47,505 ] 26 root - INFO - Data validation completed!!!
[ 2025-01-11 16:48:47,505 ] 30 root - INFO - Initiate the data transformation...
[ 2025-01-11 16:48:47,505 ] 56 root - INFO - Data Transformation started
[ 2025-01-11 16:48:47,536 ] 40 root - INFO - Entered get_data_trnasformer_object method of Trnasformation class
[ 2025-01-11 16:48:47,536 ] 45 root - INFO - Initialise KNNImputer with {'missing_values': nan, 'n_neighbors': 3, 'weights': 'uniform'}
[ 2025-01-11 16:48:47,551 ] 51 root - INFO - Entered the save_object method of MainUtils class
[ 2025-01-11 16:48:47,551 ] 55 root - INFO - Exited the save_object method of MainUtils class
[ 2025-01-11 16:48:47,551 ] 51 root - INFO - Entered the save_object method of MainUtils class
[ 2025-01-11 16:48:47,551 ] 55 root - INFO - Exited the save_object method of MainUtils class
[ 2025-01-11 16:48:47,551 ] 32 root - INFO - Data transformation completed!!!
[ 2025-01-11 16:48:47,551 ] 34 root - INFO - Model Training started
[ 2025-01-11 16:56:08,776 ] 51 root - INFO - Entered the save_object method of MainUtils class
[ 2025-01-11 16:56:08,776 ] 55 root - INFO - Exited the save_object method of MainUtils class
[ 2025-01-11 16:56:08,776 ] 51 root - INFO - Entered the save_object method of MainUtils class
[ 2025-01-11 16:56:08,817 ] 55 root - INFO - Exited the save_object method of MainUtils class
[ 2025-01-11 16:56:08,817 ] 139 root - INFO - Model trainer artifact: ModelTrainerArtifact(trained_model_file_path='Artifacts\\01_11_2025_16_48_39\\model_trainer\\trained_model\\model.pkl', train_metric_artifact=ClassificationMetricArtifact(f1_score=0.9906523064417802, precision_score=0.9884428223844283, recall_score=0.9928716904276986), test_metric_artifact=ClassificationMetricArtifact(f1_score=0.9792498004788508, precision_score=0.9745830023828436, recall_score=0.9839615076182838))
[ 2025-01-11 16:56:08,829 ] 38 root - INFO - Model Training finished!!!
