[ 2025-01-11 16:37:17,172 ] 1025 httpx - INFO - HTTP Request: GET https://dagshub.com/api/v1/user "HTTP/1.1 200 OK"
[ 2025-01-11 16:37:17,189 ] 107 dagshub - INFO - Accessing as bvssvinu
[ 2025-01-11 16:37:17,644 ] 1025 httpx - INFO - HTTP Request: GET https://dagshub.com/api/v1/repos/bvssvinu/networksecurity_End_to_End "HTTP/1.1 200 OK"
[ 2025-01-11 16:37:18,016 ] 1025 httpx - INFO - HTTP Request: GET https://dagshub.com/api/v1/user "HTTP/1.1 200 OK"
[ 2025-01-11 16:37:18,016 ] 107 dagshub - INFO - Initialized MLflow to track repo "bvssvinu/networksecurity_End_to_End"
[ 2025-01-11 16:37:18,028 ] 107 dagshub - INFO - Repository bvssvinu/networksecurity_End_to_End initialized!
[ 2025-01-11 16:37:18,032 ] 18 root - INFO - Initiate the data ingestion
[ 2025-01-11 16:37:19,935 ] 69 root - INFO - Performed train test split on the dataframe
[ 2025-01-11 16:37:19,935 ] 71 root - INFO - Exited split_data_as_train_test method of Data_Ingestion class
[ 2025-01-11 16:37:19,935 ] 79 root - INFO - Exporting train and test file path.
[ 2025-01-11 16:37:20,043 ] 88 root - INFO - Exported train and test file path.
[ 2025-01-11 16:37:20,045 ] 20 root - INFO - Data ingestion completed!!!
[ 2025-01-11 16:37:20,053 ] 24 root - INFO - Initiate the data validation
[ 2025-01-11 16:37:20,078 ] 78 root - INFO - Train file path read successfully!!!
[ 2025-01-11 16:37:20,090 ] 80 root - INFO - Test file path read successfully!!!
[ 2025-01-11 16:37:20,090 ] 30 root - INFO - Required number of columns:31
[ 2025-01-11 16:37:20,090 ] 31 root - INFO - Data frame has columns:31
[ 2025-01-11 16:37:20,090 ] 30 root - INFO - Required number of columns:31
[ 2025-01-11 16:37:20,090 ] 31 root - INFO - Data frame has columns:31
[ 2025-01-11 16:37:20,309 ] 26 root - INFO - Data validation completed!!!
[ 2025-01-11 16:37:20,309 ] 30 root - INFO - Initiate the data transformation...
[ 2025-01-11 16:37:20,309 ] 56 root - INFO - Data Transformation started
[ 2025-01-11 16:37:20,357 ] 40 root - INFO - Entered get_data_trnasformer_object method of Trnasformation class
[ 2025-01-11 16:37:20,357 ] 45 root - INFO - Initialise KNNImputer with {'missing_values': nan, 'n_neighbors': 3, 'weights': 'uniform'}
[ 2025-01-11 16:37:20,389 ] 51 root - INFO - Entered the save_object method of MainUtils class
[ 2025-01-11 16:37:20,404 ] 55 root - INFO - Exited the save_object method of MainUtils class
[ 2025-01-11 16:37:20,404 ] 51 root - INFO - Entered the save_object method of MainUtils class
[ 2025-01-11 16:37:20,404 ] 55 root - INFO - Exited the save_object method of MainUtils class
[ 2025-01-11 16:37:20,404 ] 32 root - INFO - Data transformation completed!!!
[ 2025-01-11 16:37:20,404 ] 34 root - INFO - Model Training started
[ 2025-01-11 16:42:03,243 ] 51 root - INFO - Entered the save_object method of MainUtils class
[ 2025-01-11 16:42:03,253 ] 55 root - INFO - Exited the save_object method of MainUtils class
[ 2025-01-11 16:42:03,253 ] 51 root - INFO - Entered the save_object method of MainUtils class
[ 2025-01-11 16:42:03,267 ] 55 root - INFO - Exited the save_object method of MainUtils class
[ 2025-01-11 16:42:03,268 ] 139 root - INFO - Model trainer artifact: ModelTrainerArtifact(trained_model_file_path='Artifacts\\01_11_2025_16_37_09\\model_trainer\\trained_model\\model.pkl', train_metric_artifact=ClassificationMetricArtifact(f1_score=0.991007375972517, precision_score=0.9881120290147088, recall_score=0.9939197405755978), test_metric_artifact=ClassificationMetricArtifact(f1_score=0.9741518578352181, precision_score=0.9624900239425379, recall_score=0.9860997547015535))
[ 2025-01-11 16:42:03,268 ] 38 root - INFO - Model Training finished!!!
